<?xml version="1.0" encoding="UTF-8"?>
<testsuite xmlns:xsi="http://www.w3.org/2001/XMLSchema-instance" xsi:noNamespaceSchemaLocation="https://maven.apache.org/surefire/maven-surefire-plugin/xsd/surefire-test-report.xsd" name="com.gitlab.metrics.service.TestCoverageServiceTest" time="0.967" tests="13" errors="0" skipped="0" failures="0">
  <properties>
    <property name="sun.desktop" value="windows"/>
    <property name="awt.toolkit" value="sun.awt.windows.WToolkit"/>
    <property name="file.encoding.pkg" value="sun.io"/>
    <property name="java.specification.version" value="1.8"/>
    <property name="sun.cpu.isalist" value="amd64"/>
    <property name="sun.jnu.encoding" value="GBK"/>
    <property name="java.class.path" value="G:\gitlab-monitor\target\test-classes;G:\gitlab-monitor\target\classes;D:\software\maven\repos\org\springframework\boot\spring-boot-starter-web\2.7.18\spring-boot-starter-web-2.7.18.jar;D:\software\maven\repos\org\springframework\boot\spring-boot-starter\2.7.18\spring-boot-starter-2.7.18.jar;D:\software\maven\repos\org\springframework\boot\spring-boot\2.7.18\spring-boot-2.7.18.jar;D:\software\maven\repos\org\springframework\boot\spring-boot-autoconfigure\2.7.18\spring-boot-autoconfigure-2.7.18.jar;D:\software\maven\repos\org\springframework\boot\spring-boot-starter-logging\2.7.18\spring-boot-starter-logging-2.7.18.jar;D:\software\maven\repos\ch\qos\logback\logback-classic\1.2.12\logback-classic-1.2.12.jar;D:\software\maven\repos\ch\qos\logback\logback-core\1.2.12\logback-core-1.2.12.jar;D:\software\maven\repos\org\apache\logging\log4j\log4j-to-slf4j\2.17.2\log4j-to-slf4j-2.17.2.jar;D:\software\maven\repos\org\apache\logging\log4j\log4j-api\2.17.2\log4j-api-2.17.2.jar;D:\software\maven\repos\org\slf4j\jul-to-slf4j\1.7.36\jul-to-slf4j-1.7.36.jar;D:\software\maven\repos\jakarta\annotation\jakarta.annotation-api\1.3.5\jakarta.annotation-api-1.3.5.jar;D:\software\maven\repos\org\yaml\snakeyaml\1.30\snakeyaml-1.30.jar;D:\software\maven\repos\org\springframework\boot\spring-boot-starter-json\2.7.18\spring-boot-starter-json-2.7.18.jar;D:\software\maven\repos\com\fasterxml\jackson\datatype\jackson-datatype-jdk8\2.13.5\jackson-datatype-jdk8-2.13.5.jar;D:\software\maven\repos\com\fasterxml\jackson\module\jackson-module-parameter-names\2.13.5\jackson-module-parameter-names-2.13.5.jar;D:\software\maven\repos\org\springframework\boot\spring-boot-starter-tomcat\2.7.18\spring-boot-starter-tomcat-2.7.18.jar;D:\software\maven\repos\org\apache\tomcat\embed\tomcat-embed-core\9.0.83\tomcat-embed-core-9.0.83.jar;D:\software\maven\repos\org\apache\tomcat\embed\tomcat-embed-websocket\9.0.83\tomcat-embed-websocket-9.0.83.jar;D:\software\maven\repos\org\springframework\spring-web\5.3.31\spring-web-5.3.31.jar;D:\software\maven\repos\org\springframework\spring-beans\5.3.31\spring-beans-5.3.31.jar;D:\software\maven\repos\org\springframework\spring-webmvc\5.3.31\spring-webmvc-5.3.31.jar;D:\software\maven\repos\org\springframework\spring-context\5.3.31\spring-context-5.3.31.jar;D:\software\maven\repos\org\springframework\spring-expression\5.3.31\spring-expression-5.3.31.jar;D:\software\maven\repos\org\springframework\boot\spring-boot-starter-data-jpa\2.7.18\spring-boot-starter-data-jpa-2.7.18.jar;D:\software\maven\repos\org\springframework\boot\spring-boot-starter-aop\2.7.18\spring-boot-starter-aop-2.7.18.jar;D:\software\maven\repos\org\aspectj\aspectjweaver\1.9.7\aspectjweaver-1.9.7.jar;D:\software\maven\repos\org\springframework\boot\spring-boot-starter-jdbc\2.7.18\spring-boot-starter-jdbc-2.7.18.jar;D:\software\maven\repos\com\zaxxer\HikariCP\4.0.3\HikariCP-4.0.3.jar;D:\software\maven\repos\org\springframework\spring-jdbc\5.3.31\spring-jdbc-5.3.31.jar;D:\software\maven\repos\jakarta\transaction\jakarta.transaction-api\1.3.3\jakarta.transaction-api-1.3.3.jar;D:\software\maven\repos\jakarta\persistence\jakarta.persistence-api\2.2.3\jakarta.persistence-api-2.2.3.jar;D:\software\maven\repos\org\hibernate\hibernate-core\5.6.15.Final\hibernate-core-5.6.15.Final.jar;D:\software\maven\repos\org\jboss\logging\jboss-logging\3.4.3.Final\jboss-logging-3.4.3.Final.jar;D:\software\maven\repos\net\bytebuddy\byte-buddy\1.12.23\byte-buddy-1.12.23.jar;D:\software\maven\repos\antlr\antlr\2.7.7\antlr-2.7.7.jar;D:\software\maven\repos\org\jboss\jandex\2.4.2.Final\jandex-2.4.2.Final.jar;D:\software\maven\repos\com\fasterxml\classmate\1.5.1\classmate-1.5.1.jar;D:\software\maven\repos\org\hibernate\common\hibernate-commons-annotations\5.1.2.Final\hibernate-commons-annotations-5.1.2.Final.jar;D:\software\maven\repos\org\glassfish\jaxb\jaxb-runtime\2.3.9\jaxb-runtime-2.3.9.jar;D:\software\maven\repos\org\glassfish\jaxb\txw2\2.3.9\txw2-2.3.9.jar;D:\software\maven\repos\com\sun\istack\istack-commons-runtime\3.0.12\istack-commons-runtime-3.0.12.jar;D:\software\maven\repos\com\sun\activation\jakarta.activation\1.2.2\jakarta.activation-1.2.2.jar;D:\software\maven\repos\org\springframework\data\spring-data-jpa\2.7.18\spring-data-jpa-2.7.18.jar;D:\software\maven\repos\org\springframework\data\spring-data-commons\2.7.18\spring-data-commons-2.7.18.jar;D:\software\maven\repos\org\springframework\spring-orm\5.3.31\spring-orm-5.3.31.jar;D:\software\maven\repos\org\springframework\spring-tx\5.3.31\spring-tx-5.3.31.jar;D:\software\maven\repos\org\slf4j\slf4j-api\1.7.36\slf4j-api-1.7.36.jar;D:\software\maven\repos\org\springframework\spring-aspects\5.3.31\spring-aspects-5.3.31.jar;D:\software\maven\repos\org\springframework\boot\spring-boot-starter-data-redis\2.7.18\spring-boot-starter-data-redis-2.7.18.jar;D:\software\maven\repos\org\springframework\data\spring-data-redis\2.7.18\spring-data-redis-2.7.18.jar;D:\software\maven\repos\org\springframework\data\spring-data-keyvalue\2.7.18\spring-data-keyvalue-2.7.18.jar;D:\software\maven\repos\org\springframework\spring-oxm\5.3.31\spring-oxm-5.3.31.jar;D:\software\maven\repos\org\springframework\spring-context-support\5.3.31\spring-context-support-5.3.31.jar;D:\software\maven\repos\io\lettuce\lettuce-core\6.1.10.RELEASE\lettuce-core-6.1.10.RELEASE.jar;D:\software\maven\repos\io\netty\netty-common\4.1.101.Final\netty-common-4.1.101.Final.jar;D:\software\maven\repos\io\netty\netty-handler\4.1.101.Final\netty-handler-4.1.101.Final.jar;D:\software\maven\repos\io\netty\netty-resolver\4.1.101.Final\netty-resolver-4.1.101.Final.jar;D:\software\maven\repos\io\netty\netty-buffer\4.1.101.Final\netty-buffer-4.1.101.Final.jar;D:\software\maven\repos\io\netty\netty-transport-native-unix-common\4.1.101.Final\netty-transport-native-unix-common-4.1.101.Final.jar;D:\software\maven\repos\io\netty\netty-codec\4.1.101.Final\netty-codec-4.1.101.Final.jar;D:\software\maven\repos\io\netty\netty-transport\4.1.101.Final\netty-transport-4.1.101.Final.jar;D:\software\maven\repos\io\projectreactor\reactor-core\3.4.34\reactor-core-3.4.34.jar;D:\software\maven\repos\org\reactivestreams\reactive-streams\1.0.4\reactive-streams-1.0.4.jar;D:\software\maven\repos\org\springframework\boot\spring-boot-starter-amqp\2.7.18\spring-boot-starter-amqp-2.7.18.jar;D:\software\maven\repos\org\springframework\spring-messaging\5.3.31\spring-messaging-5.3.31.jar;D:\software\maven\repos\org\springframework\amqp\spring-rabbit\2.4.17\spring-rabbit-2.4.17.jar;D:\software\maven\repos\org\springframework\amqp\spring-amqp\2.4.17\spring-amqp-2.4.17.jar;D:\software\maven\repos\org\springframework\retry\spring-retry\1.3.4\spring-retry-1.3.4.jar;D:\software\maven\repos\com\rabbitmq\amqp-client\5.14.3\amqp-client-5.14.3.jar;D:\software\maven\repos\org\springframework\boot\spring-boot-starter-security\2.7.18\spring-boot-starter-security-2.7.18.jar;D:\software\maven\repos\org\springframework\spring-aop\5.3.31\spring-aop-5.3.31.jar;D:\software\maven\repos\org\springframework\security\spring-security-config\5.7.11\spring-security-config-5.7.11.jar;D:\software\maven\repos\org\springframework\security\spring-security-web\5.7.11\spring-security-web-5.7.11.jar;D:\software\maven\repos\org\springframework\boot\spring-boot-starter-actuator\2.7.18\spring-boot-starter-actuator-2.7.18.jar;D:\software\maven\repos\org\springframework\boot\spring-boot-actuator-autoconfigure\2.7.18\spring-boot-actuator-autoconfigure-2.7.18.jar;D:\software\maven\repos\org\springframework\boot\spring-boot-actuator\2.7.18\spring-boot-actuator-2.7.18.jar;D:\software\maven\repos\io\micrometer\micrometer-core\1.9.17\micrometer-core-1.9.17.jar;D:\software\maven\repos\org\hdrhistogram\HdrHistogram\2.1.12\HdrHistogram-2.1.12.jar;D:\software\maven\repos\org\latencyutils\LatencyUtils\2.0.3\LatencyUtils-2.0.3.jar;D:\software\maven\repos\org\springframework\boot\spring-boot-starter-validation\2.7.18\spring-boot-starter-validation-2.7.18.jar;D:\software\maven\repos\org\apache\tomcat\embed\tomcat-embed-el\9.0.83\tomcat-embed-el-9.0.83.jar;D:\software\maven\repos\org\hibernate\validator\hibernate-validator\6.2.5.Final\hibernate-validator-6.2.5.Final.jar;D:\software\maven\repos\jakarta\validation\jakarta.validation-api\2.0.2\jakarta.validation-api-2.0.2.jar;D:\software\maven\repos\com\mysql\mysql-connector-j\8.0.33\mysql-connector-j-8.0.33.jar;D:\software\maven\repos\com\fasterxml\jackson\core\jackson-databind\2.13.5\jackson-databind-2.13.5.jar;D:\software\maven\repos\com\fasterxml\jackson\core\jackson-annotations\2.13.5\jackson-annotations-2.13.5.jar;D:\software\maven\repos\com\fasterxml\jackson\core\jackson-core\2.13.5\jackson-core-2.13.5.jar;D:\software\maven\repos\com\fasterxml\jackson\datatype\jackson-datatype-jsr310\2.13.5\jackson-datatype-jsr310-2.13.5.jar;D:\software\maven\repos\io\micrometer\micrometer-registry-prometheus\1.9.17\micrometer-registry-prometheus-1.9.17.jar;D:\software\maven\repos\io\prometheus\simpleclient_common\0.15.0\simpleclient_common-0.15.0.jar;D:\software\maven\repos\io\prometheus\simpleclient\0.15.0\simpleclient-0.15.0.jar;D:\software\maven\repos\io\prometheus\simpleclient_tracer_otel\0.15.0\simpleclient_tracer_otel-0.15.0.jar;D:\software\maven\repos\io\prometheus\simpleclient_tracer_common\0.15.0\simpleclient_tracer_common-0.15.0.jar;D:\software\maven\repos\io\prometheus\simpleclient_tracer_otel_agent\0.15.0\simpleclient_tracer_otel_agent-0.15.0.jar;D:\software\maven\repos\net\logstash\logback\logstash-logback-encoder\7.2\logstash-logback-encoder-7.2.jar;D:\software\maven\repos\org\apache\httpcomponents\httpclient\4.5.14\httpclient-4.5.14.jar;D:\software\maven\repos\commons-codec\commons-codec\1.15\commons-codec-1.15.jar;D:\software\maven\repos\org\apache\httpcomponents\httpcore\4.4.16\httpcore-4.4.16.jar;D:\software\maven\repos\org\springframework\boot\spring-boot-starter-test\2.7.18\spring-boot-starter-test-2.7.18.jar;D:\software\maven\repos\org\springframework\boot\spring-boot-test\2.7.18\spring-boot-test-2.7.18.jar;D:\software\maven\repos\org\springframework\boot\spring-boot-test-autoconfigure\2.7.18\spring-boot-test-autoconfigure-2.7.18.jar;D:\software\maven\repos\com\jayway\jsonpath\json-path\2.7.0\json-path-2.7.0.jar;D:\software\maven\repos\net\minidev\json-smart\2.4.11\json-smart-2.4.11.jar;D:\software\maven\repos\net\minidev\accessors-smart\2.4.11\accessors-smart-2.4.11.jar;D:\software\maven\repos\org\ow2\asm\asm\9.3\asm-9.3.jar;D:\software\maven\repos\jakarta\xml\bind\jakarta.xml.bind-api\2.3.3\jakarta.xml.bind-api-2.3.3.jar;D:\software\maven\repos\jakarta\activation\jakarta.activation-api\1.2.2\jakarta.activation-api-1.2.2.jar;D:\software\maven\repos\org\assertj\assertj-core\3.22.0\assertj-core-3.22.0.jar;D:\software\maven\repos\org\hamcrest\hamcrest\2.2\hamcrest-2.2.jar;D:\software\maven\repos\org\junit\jupiter\junit-jupiter\5.8.2\junit-jupiter-5.8.2.jar;D:\software\maven\repos\org\junit\jupiter\junit-jupiter-api\5.8.2\junit-jupiter-api-5.8.2.jar;D:\software\maven\repos\org\opentest4j\opentest4j\1.2.0\opentest4j-1.2.0.jar;D:\software\maven\repos\org\junit\platform\junit-platform-commons\1.8.2\junit-platform-commons-1.8.2.jar;D:\software\maven\repos\org\apiguardian\apiguardian-api\1.1.2\apiguardian-api-1.1.2.jar;D:\software\maven\repos\org\junit\jupiter\junit-jupiter-params\5.8.2\junit-jupiter-params-5.8.2.jar;D:\software\maven\repos\org\junit\jupiter\junit-jupiter-engine\5.8.2\junit-jupiter-engine-5.8.2.jar;D:\software\maven\repos\org\junit\platform\junit-platform-engine\1.8.2\junit-platform-engine-1.8.2.jar;D:\software\maven\repos\org\mockito\mockito-core\4.5.1\mockito-core-4.5.1.jar;D:\software\maven\repos\net\bytebuddy\byte-buddy-agent\1.12.23\byte-buddy-agent-1.12.23.jar;D:\software\maven\repos\org\objenesis\objenesis\3.2\objenesis-3.2.jar;D:\software\maven\repos\org\mockito\mockito-junit-jupiter\4.5.1\mockito-junit-jupiter-4.5.1.jar;D:\software\maven\repos\org\skyscreamer\jsonassert\1.5.1\jsonassert-1.5.1.jar;D:\software\maven\repos\com\vaadin\external\google\android-json\0.0.20131108.vaadin1\android-json-0.0.20131108.vaadin1.jar;D:\software\maven\repos\org\springframework\spring-core\5.3.31\spring-core-5.3.31.jar;D:\software\maven\repos\org\springframework\spring-jcl\5.3.31\spring-jcl-5.3.31.jar;D:\software\maven\repos\org\springframework\spring-test\5.3.31\spring-test-5.3.31.jar;D:\software\maven\repos\org\xmlunit\xmlunit-core\2.9.1\xmlunit-core-2.9.1.jar;D:\software\maven\repos\junit\junit\4.13.2\junit-4.13.2.jar;D:\software\maven\repos\org\hamcrest\hamcrest-core\2.2\hamcrest-core-2.2.jar;D:\software\maven\repos\org\springframework\amqp\spring-rabbit-test\2.4.17\spring-rabbit-test-2.4.17.jar;D:\software\maven\repos\org\springframework\amqp\spring-rabbit-junit\2.4.17\spring-rabbit-junit-2.4.17.jar;D:\software\maven\repos\org\hamcrest\hamcrest-library\2.2\hamcrest-library-2.2.jar;D:\software\maven\repos\org\springframework\security\spring-security-test\5.7.11\spring-security-test-5.7.11.jar;D:\software\maven\repos\org\springframework\security\spring-security-core\5.7.11\spring-security-core-5.7.11.jar;D:\software\maven\repos\org\springframework\security\spring-security-crypto\5.7.11\spring-security-crypto-5.7.11.jar;D:\software\maven\repos\com\h2database\h2\2.1.214\h2-2.1.214.jar;"/>
    <property name="java.vm.vendor" value="Oracle Corporation"/>
    <property name="sun.arch.data.model" value="64"/>
    <property name="user.variant" value=""/>
    <property name="java.vendor.url" value="http://java.oracle.com/"/>
    <property name="user.timezone" value="Asia/Shanghai"/>
    <property name="java.vm.specification.version" value="1.8"/>
    <property name="os.name" value="Windows 10"/>
    <property name="user.country" value="CN"/>
    <property name="sun.java.launcher" value="SUN_STANDARD"/>
    <property name="sun.boot.library.path" value="D:\develep_soft\java\Java\jdk1.8.0_191\jre\bin"/>
    <property name="sun.java.command" value="C:\Users\LEI~1.LON\AppData\Local\Temp\surefire1880242573240559790\surefirebooter4810805152675265471.jar C:\Users\lei.long\AppData\Local\Temp\surefire1880242573240559790 2025-08-07T17-06-07_198-jvmRun1 surefire3252286286160248165tmp surefire_06663073072943952123tmp"/>
    <property name="test" value="TestCoverageServiceTest"/>
    <property name="surefire.test.class.path" value="G:\gitlab-monitor\target\test-classes;G:\gitlab-monitor\target\classes;D:\software\maven\repos\org\springframework\boot\spring-boot-starter-web\2.7.18\spring-boot-starter-web-2.7.18.jar;D:\software\maven\repos\org\springframework\boot\spring-boot-starter\2.7.18\spring-boot-starter-2.7.18.jar;D:\software\maven\repos\org\springframework\boot\spring-boot\2.7.18\spring-boot-2.7.18.jar;D:\software\maven\repos\org\springframework\boot\spring-boot-autoconfigure\2.7.18\spring-boot-autoconfigure-2.7.18.jar;D:\software\maven\repos\org\springframework\boot\spring-boot-starter-logging\2.7.18\spring-boot-starter-logging-2.7.18.jar;D:\software\maven\repos\ch\qos\logback\logback-classic\1.2.12\logback-classic-1.2.12.jar;D:\software\maven\repos\ch\qos\logback\logback-core\1.2.12\logback-core-1.2.12.jar;D:\software\maven\repos\org\apache\logging\log4j\log4j-to-slf4j\2.17.2\log4j-to-slf4j-2.17.2.jar;D:\software\maven\repos\org\apache\logging\log4j\log4j-api\2.17.2\log4j-api-2.17.2.jar;D:\software\maven\repos\org\slf4j\jul-to-slf4j\1.7.36\jul-to-slf4j-1.7.36.jar;D:\software\maven\repos\jakarta\annotation\jakarta.annotation-api\1.3.5\jakarta.annotation-api-1.3.5.jar;D:\software\maven\repos\org\yaml\snakeyaml\1.30\snakeyaml-1.30.jar;D:\software\maven\repos\org\springframework\boot\spring-boot-starter-json\2.7.18\spring-boot-starter-json-2.7.18.jar;D:\software\maven\repos\com\fasterxml\jackson\datatype\jackson-datatype-jdk8\2.13.5\jackson-datatype-jdk8-2.13.5.jar;D:\software\maven\repos\com\fasterxml\jackson\module\jackson-module-parameter-names\2.13.5\jackson-module-parameter-names-2.13.5.jar;D:\software\maven\repos\org\springframework\boot\spring-boot-starter-tomcat\2.7.18\spring-boot-starter-tomcat-2.7.18.jar;D:\software\maven\repos\org\apache\tomcat\embed\tomcat-embed-core\9.0.83\tomcat-embed-core-9.0.83.jar;D:\software\maven\repos\org\apache\tomcat\embed\tomcat-embed-websocket\9.0.83\tomcat-embed-websocket-9.0.83.jar;D:\software\maven\repos\org\springframework\spring-web\5.3.31\spring-web-5.3.31.jar;D:\software\maven\repos\org\springframework\spring-beans\5.3.31\spring-beans-5.3.31.jar;D:\software\maven\repos\org\springframework\spring-webmvc\5.3.31\spring-webmvc-5.3.31.jar;D:\software\maven\repos\org\springframework\spring-context\5.3.31\spring-context-5.3.31.jar;D:\software\maven\repos\org\springframework\spring-expression\5.3.31\spring-expression-5.3.31.jar;D:\software\maven\repos\org\springframework\boot\spring-boot-starter-data-jpa\2.7.18\spring-boot-starter-data-jpa-2.7.18.jar;D:\software\maven\repos\org\springframework\boot\spring-boot-starter-aop\2.7.18\spring-boot-starter-aop-2.7.18.jar;D:\software\maven\repos\org\aspectj\aspectjweaver\1.9.7\aspectjweaver-1.9.7.jar;D:\software\maven\repos\org\springframework\boot\spring-boot-starter-jdbc\2.7.18\spring-boot-starter-jdbc-2.7.18.jar;D:\software\maven\repos\com\zaxxer\HikariCP\4.0.3\HikariCP-4.0.3.jar;D:\software\maven\repos\org\springframework\spring-jdbc\5.3.31\spring-jdbc-5.3.31.jar;D:\software\maven\repos\jakarta\transaction\jakarta.transaction-api\1.3.3\jakarta.transaction-api-1.3.3.jar;D:\software\maven\repos\jakarta\persistence\jakarta.persistence-api\2.2.3\jakarta.persistence-api-2.2.3.jar;D:\software\maven\repos\org\hibernate\hibernate-core\5.6.15.Final\hibernate-core-5.6.15.Final.jar;D:\software\maven\repos\org\jboss\logging\jboss-logging\3.4.3.Final\jboss-logging-3.4.3.Final.jar;D:\software\maven\repos\net\bytebuddy\byte-buddy\1.12.23\byte-buddy-1.12.23.jar;D:\software\maven\repos\antlr\antlr\2.7.7\antlr-2.7.7.jar;D:\software\maven\repos\org\jboss\jandex\2.4.2.Final\jandex-2.4.2.Final.jar;D:\software\maven\repos\com\fasterxml\classmate\1.5.1\classmate-1.5.1.jar;D:\software\maven\repos\org\hibernate\common\hibernate-commons-annotations\5.1.2.Final\hibernate-commons-annotations-5.1.2.Final.jar;D:\software\maven\repos\org\glassfish\jaxb\jaxb-runtime\2.3.9\jaxb-runtime-2.3.9.jar;D:\software\maven\repos\org\glassfish\jaxb\txw2\2.3.9\txw2-2.3.9.jar;D:\software\maven\repos\com\sun\istack\istack-commons-runtime\3.0.12\istack-commons-runtime-3.0.12.jar;D:\software\maven\repos\com\sun\activation\jakarta.activation\1.2.2\jakarta.activation-1.2.2.jar;D:\software\maven\repos\org\springframework\data\spring-data-jpa\2.7.18\spring-data-jpa-2.7.18.jar;D:\software\maven\repos\org\springframework\data\spring-data-commons\2.7.18\spring-data-commons-2.7.18.jar;D:\software\maven\repos\org\springframework\spring-orm\5.3.31\spring-orm-5.3.31.jar;D:\software\maven\repos\org\springframework\spring-tx\5.3.31\spring-tx-5.3.31.jar;D:\software\maven\repos\org\slf4j\slf4j-api\1.7.36\slf4j-api-1.7.36.jar;D:\software\maven\repos\org\springframework\spring-aspects\5.3.31\spring-aspects-5.3.31.jar;D:\software\maven\repos\org\springframework\boot\spring-boot-starter-data-redis\2.7.18\spring-boot-starter-data-redis-2.7.18.jar;D:\software\maven\repos\org\springframework\data\spring-data-redis\2.7.18\spring-data-redis-2.7.18.jar;D:\software\maven\repos\org\springframework\data\spring-data-keyvalue\2.7.18\spring-data-keyvalue-2.7.18.jar;D:\software\maven\repos\org\springframework\spring-oxm\5.3.31\spring-oxm-5.3.31.jar;D:\software\maven\repos\org\springframework\spring-context-support\5.3.31\spring-context-support-5.3.31.jar;D:\software\maven\repos\io\lettuce\lettuce-core\6.1.10.RELEASE\lettuce-core-6.1.10.RELEASE.jar;D:\software\maven\repos\io\netty\netty-common\4.1.101.Final\netty-common-4.1.101.Final.jar;D:\software\maven\repos\io\netty\netty-handler\4.1.101.Final\netty-handler-4.1.101.Final.jar;D:\software\maven\repos\io\netty\netty-resolver\4.1.101.Final\netty-resolver-4.1.101.Final.jar;D:\software\maven\repos\io\netty\netty-buffer\4.1.101.Final\netty-buffer-4.1.101.Final.jar;D:\software\maven\repos\io\netty\netty-transport-native-unix-common\4.1.101.Final\netty-transport-native-unix-common-4.1.101.Final.jar;D:\software\maven\repos\io\netty\netty-codec\4.1.101.Final\netty-codec-4.1.101.Final.jar;D:\software\maven\repos\io\netty\netty-transport\4.1.101.Final\netty-transport-4.1.101.Final.jar;D:\software\maven\repos\io\projectreactor\reactor-core\3.4.34\reactor-core-3.4.34.jar;D:\software\maven\repos\org\reactivestreams\reactive-streams\1.0.4\reactive-streams-1.0.4.jar;D:\software\maven\repos\org\springframework\boot\spring-boot-starter-amqp\2.7.18\spring-boot-starter-amqp-2.7.18.jar;D:\software\maven\repos\org\springframework\spring-messaging\5.3.31\spring-messaging-5.3.31.jar;D:\software\maven\repos\org\springframework\amqp\spring-rabbit\2.4.17\spring-rabbit-2.4.17.jar;D:\software\maven\repos\org\springframework\amqp\spring-amqp\2.4.17\spring-amqp-2.4.17.jar;D:\software\maven\repos\org\springframework\retry\spring-retry\1.3.4\spring-retry-1.3.4.jar;D:\software\maven\repos\com\rabbitmq\amqp-client\5.14.3\amqp-client-5.14.3.jar;D:\software\maven\repos\org\springframework\boot\spring-boot-starter-security\2.7.18\spring-boot-starter-security-2.7.18.jar;D:\software\maven\repos\org\springframework\spring-aop\5.3.31\spring-aop-5.3.31.jar;D:\software\maven\repos\org\springframework\security\spring-security-config\5.7.11\spring-security-config-5.7.11.jar;D:\software\maven\repos\org\springframework\security\spring-security-web\5.7.11\spring-security-web-5.7.11.jar;D:\software\maven\repos\org\springframework\boot\spring-boot-starter-actuator\2.7.18\spring-boot-starter-actuator-2.7.18.jar;D:\software\maven\repos\org\springframework\boot\spring-boot-actuator-autoconfigure\2.7.18\spring-boot-actuator-autoconfigure-2.7.18.jar;D:\software\maven\repos\org\springframework\boot\spring-boot-actuator\2.7.18\spring-boot-actuator-2.7.18.jar;D:\software\maven\repos\io\micrometer\micrometer-core\1.9.17\micrometer-core-1.9.17.jar;D:\software\maven\repos\org\hdrhistogram\HdrHistogram\2.1.12\HdrHistogram-2.1.12.jar;D:\software\maven\repos\org\latencyutils\LatencyUtils\2.0.3\LatencyUtils-2.0.3.jar;D:\software\maven\repos\org\springframework\boot\spring-boot-starter-validation\2.7.18\spring-boot-starter-validation-2.7.18.jar;D:\software\maven\repos\org\apache\tomcat\embed\tomcat-embed-el\9.0.83\tomcat-embed-el-9.0.83.jar;D:\software\maven\repos\org\hibernate\validator\hibernate-validator\6.2.5.Final\hibernate-validator-6.2.5.Final.jar;D:\software\maven\repos\jakarta\validation\jakarta.validation-api\2.0.2\jakarta.validation-api-2.0.2.jar;D:\software\maven\repos\com\mysql\mysql-connector-j\8.0.33\mysql-connector-j-8.0.33.jar;D:\software\maven\repos\com\fasterxml\jackson\core\jackson-databind\2.13.5\jackson-databind-2.13.5.jar;D:\software\maven\repos\com\fasterxml\jackson\core\jackson-annotations\2.13.5\jackson-annotations-2.13.5.jar;D:\software\maven\repos\com\fasterxml\jackson\core\jackson-core\2.13.5\jackson-core-2.13.5.jar;D:\software\maven\repos\com\fasterxml\jackson\datatype\jackson-datatype-jsr310\2.13.5\jackson-datatype-jsr310-2.13.5.jar;D:\software\maven\repos\io\micrometer\micrometer-registry-prometheus\1.9.17\micrometer-registry-prometheus-1.9.17.jar;D:\software\maven\repos\io\prometheus\simpleclient_common\0.15.0\simpleclient_common-0.15.0.jar;D:\software\maven\repos\io\prometheus\simpleclient\0.15.0\simpleclient-0.15.0.jar;D:\software\maven\repos\io\prometheus\simpleclient_tracer_otel\0.15.0\simpleclient_tracer_otel-0.15.0.jar;D:\software\maven\repos\io\prometheus\simpleclient_tracer_common\0.15.0\simpleclient_tracer_common-0.15.0.jar;D:\software\maven\repos\io\prometheus\simpleclient_tracer_otel_agent\0.15.0\simpleclient_tracer_otel_agent-0.15.0.jar;D:\software\maven\repos\net\logstash\logback\logstash-logback-encoder\7.2\logstash-logback-encoder-7.2.jar;D:\software\maven\repos\org\apache\httpcomponents\httpclient\4.5.14\httpclient-4.5.14.jar;D:\software\maven\repos\commons-codec\commons-codec\1.15\commons-codec-1.15.jar;D:\software\maven\repos\org\apache\httpcomponents\httpcore\4.4.16\httpcore-4.4.16.jar;D:\software\maven\repos\org\springframework\boot\spring-boot-starter-test\2.7.18\spring-boot-starter-test-2.7.18.jar;D:\software\maven\repos\org\springframework\boot\spring-boot-test\2.7.18\spring-boot-test-2.7.18.jar;D:\software\maven\repos\org\springframework\boot\spring-boot-test-autoconfigure\2.7.18\spring-boot-test-autoconfigure-2.7.18.jar;D:\software\maven\repos\com\jayway\jsonpath\json-path\2.7.0\json-path-2.7.0.jar;D:\software\maven\repos\net\minidev\json-smart\2.4.11\json-smart-2.4.11.jar;D:\software\maven\repos\net\minidev\accessors-smart\2.4.11\accessors-smart-2.4.11.jar;D:\software\maven\repos\org\ow2\asm\asm\9.3\asm-9.3.jar;D:\software\maven\repos\jakarta\xml\bind\jakarta.xml.bind-api\2.3.3\jakarta.xml.bind-api-2.3.3.jar;D:\software\maven\repos\jakarta\activation\jakarta.activation-api\1.2.2\jakarta.activation-api-1.2.2.jar;D:\software\maven\repos\org\assertj\assertj-core\3.22.0\assertj-core-3.22.0.jar;D:\software\maven\repos\org\hamcrest\hamcrest\2.2\hamcrest-2.2.jar;D:\software\maven\repos\org\junit\jupiter\junit-jupiter\5.8.2\junit-jupiter-5.8.2.jar;D:\software\maven\repos\org\junit\jupiter\junit-jupiter-api\5.8.2\junit-jupiter-api-5.8.2.jar;D:\software\maven\repos\org\opentest4j\opentest4j\1.2.0\opentest4j-1.2.0.jar;D:\software\maven\repos\org\junit\platform\junit-platform-commons\1.8.2\junit-platform-commons-1.8.2.jar;D:\software\maven\repos\org\apiguardian\apiguardian-api\1.1.2\apiguardian-api-1.1.2.jar;D:\software\maven\repos\org\junit\jupiter\junit-jupiter-params\5.8.2\junit-jupiter-params-5.8.2.jar;D:\software\maven\repos\org\junit\jupiter\junit-jupiter-engine\5.8.2\junit-jupiter-engine-5.8.2.jar;D:\software\maven\repos\org\junit\platform\junit-platform-engine\1.8.2\junit-platform-engine-1.8.2.jar;D:\software\maven\repos\org\mockito\mockito-core\4.5.1\mockito-core-4.5.1.jar;D:\software\maven\repos\net\bytebuddy\byte-buddy-agent\1.12.23\byte-buddy-agent-1.12.23.jar;D:\software\maven\repos\org\objenesis\objenesis\3.2\objenesis-3.2.jar;D:\software\maven\repos\org\mockito\mockito-junit-jupiter\4.5.1\mockito-junit-jupiter-4.5.1.jar;D:\software\maven\repos\org\skyscreamer\jsonassert\1.5.1\jsonassert-1.5.1.jar;D:\software\maven\repos\com\vaadin\external\google\android-json\0.0.20131108.vaadin1\android-json-0.0.20131108.vaadin1.jar;D:\software\maven\repos\org\springframework\spring-core\5.3.31\spring-core-5.3.31.jar;D:\software\maven\repos\org\springframework\spring-jcl\5.3.31\spring-jcl-5.3.31.jar;D:\software\maven\repos\org\springframework\spring-test\5.3.31\spring-test-5.3.31.jar;D:\software\maven\repos\org\xmlunit\xmlunit-core\2.9.1\xmlunit-core-2.9.1.jar;D:\software\maven\repos\junit\junit\4.13.2\junit-4.13.2.jar;D:\software\maven\repos\org\hamcrest\hamcrest-core\2.2\hamcrest-core-2.2.jar;D:\software\maven\repos\org\springframework\amqp\spring-rabbit-test\2.4.17\spring-rabbit-test-2.4.17.jar;D:\software\maven\repos\org\springframework\amqp\spring-rabbit-junit\2.4.17\spring-rabbit-junit-2.4.17.jar;D:\software\maven\repos\org\hamcrest\hamcrest-library\2.2\hamcrest-library-2.2.jar;D:\software\maven\repos\org\springframework\security\spring-security-test\5.7.11\spring-security-test-5.7.11.jar;D:\software\maven\repos\org\springframework\security\spring-security-core\5.7.11\spring-security-core-5.7.11.jar;D:\software\maven\repos\org\springframework\security\spring-security-crypto\5.7.11\spring-security-crypto-5.7.11.jar;D:\software\maven\repos\com\h2database\h2\2.1.214\h2-2.1.214.jar;"/>
    <property name="sun.cpu.endian" value="little"/>
    <property name="user.home" value="C:\Users\lei.long"/>
    <property name="user.language" value="zh"/>
    <property name="java.specification.vendor" value="Oracle Corporation"/>
    <property name="java.home" value="D:\develep_soft\java\Java\jdk1.8.0_191\jre"/>
    <property name="basedir" value="G:\gitlab-monitor"/>
    <property name="file.separator" value="\"/>
    <property name="line.separator" value="&#10;"/>
    <property name="java.vm.specification.vendor" value="Oracle Corporation"/>
    <property name="java.specification.name" value="Java Platform API Specification"/>
    <property name="java.awt.graphicsenv" value="sun.awt.Win32GraphicsEnvironment"/>
    <property name="surefire.real.class.path" value="C:\Users\LEI~1.LON\AppData\Local\Temp\surefire1880242573240559790\surefirebooter4810805152675265471.jar"/>
    <property name="sun.boot.class.path" value="D:\develep_soft\java\Java\jdk1.8.0_191\jre\lib\resources.jar;D:\develep_soft\java\Java\jdk1.8.0_191\jre\lib\rt.jar;D:\develep_soft\java\Java\jdk1.8.0_191\jre\lib\sunrsasign.jar;D:\develep_soft\java\Java\jdk1.8.0_191\jre\lib\jsse.jar;D:\develep_soft\java\Java\jdk1.8.0_191\jre\lib\jce.jar;D:\develep_soft\java\Java\jdk1.8.0_191\jre\lib\charsets.jar;D:\develep_soft\java\Java\jdk1.8.0_191\jre\lib\jfr.jar;D:\develep_soft\java\Java\jdk1.8.0_191\jre\classes"/>
    <property name="user.script" value=""/>
    <property name="sun.management.compiler" value="HotSpot 64-Bit Tiered Compilers"/>
    <property name="java.runtime.version" value="1.8.0_191-b12"/>
    <property name="user.name" value="lei.long"/>
    <property name="path.separator" value=";"/>
    <property name="os.version" value="10.0"/>
    <property name="java.endorsed.dirs" value="D:\develep_soft\java\Java\jdk1.8.0_191\jre\lib\endorsed"/>
    <property name="java.runtime.name" value="Java(TM) SE Runtime Environment"/>
    <property name="file.encoding" value="GBK"/>
    <property name="java.vm.name" value="Java HotSpot(TM) 64-Bit Server VM"/>
    <property name="localRepository" value="D:\software\maven\repos"/>
    <property name="java.vendor.url.bug" value="http://bugreport.sun.com/bugreport/"/>
    <property name="java.io.tmpdir" value="C:\Users\LEI~1.LON\AppData\Local\Temp\"/>
    <property name="java.version" value="1.8.0_191"/>
    <property name="user.dir" value="G:\gitlab-monitor"/>
    <property name="os.arch" value="amd64"/>
    <property name="java.vm.specification.name" value="Java Virtual Machine Specification"/>
    <property name="java.awt.printerjob" value="sun.awt.windows.WPrinterJob"/>
    <property name="sun.os.patch.level" value=""/>
    <property name="java.library.path" value="D:\develep_soft\java\Java\jdk1.8.0_191\jre\bin;C:\Windows\Sun\Java\bin;C:\Windows\system32;C:\Windows;C:\Windows\system32;C:\Windows;C:\Windows\System32\Wbem;C:\Windows\System32\WindowsPowerShell\v1.0\;C:\Windows\System32\OpenSSH\;C:\Windows\SysWOW64\5097;C:\Windows\SysWOW64\5097;C:\Windows\SysWOW64;D:\develep_soft\java\Java\jdk1.8.0_191\bin;D:\Program Files\Git\cmd;D:\develep_soft\apache-maven-3.8.4\bin;C:\Program Files (x86)\PuTTY\;F:\Program Files\nodejs\;D:\develep_soft\mysql-9.3.0-winx64\bin;D:\software\rocketmq-all-5.3.3-bin-release\bin;G:\Mysql\mysql-9.3.0-winx64\bin;C:\Users\lei.long\AppData\Local\Microsoft\WindowsApps;C:\Users\lei.long\AppData\Local\JetBrains\Toolbox\scripts;;C:\Users\lei.long\AppData\Local\Programs\Ollama;D:\Program Files\JetBrains\PyCharm 2024.3.1.1\bin;;C:\Users\lei.long\AppData\Roaming\npm;C:\Users\lei.long\AppData\Local\Programs\Kiro\bin;."/>
    <property name="java.vm.info" value="mixed mode"/>
    <property name="java.vendor" value="Oracle Corporation"/>
    <property name="java.vm.version" value="25.191-b12"/>
    <property name="java.ext.dirs" value="D:\develep_soft\java\Java\jdk1.8.0_191\jre\lib\ext;C:\Windows\Sun\Java\lib\ext"/>
    <property name="sun.io.unicode.encoding" value="UnicodeLittle"/>
    <property name="java.class.version" value="52.0"/>
  </properties>
  <testcase name="testParseUnsupportedReportType" classname="com.gitlab.metrics.service.TestCoverageServiceTest" time="0.473"/>
  <testcase name="testCleanupOldCoverageRecordsEmpty" classname="com.gitlab.metrics.service.TestCoverageServiceTest" time="0.017"/>
  <testcase name="testGetCoverageTrendEmpty" classname="com.gitlab.metrics.service.TestCoverageServiceTest" time="0.001"/>
  <testcase name="testGetLatestCoverageEmpty" classname="com.gitlab.metrics.service.TestCoverageServiceTest" time="0.003"/>
  <testcase name="testCleanupOldCoverageRecords" classname="com.gitlab.metrics.service.TestCoverageServiceTest" time="0.004"/>
  <testcase name="testParseCoberturaReport" classname="com.gitlab.metrics.service.TestCoverageServiceTest" time="0.067"/>
  <testcase name="testParseLcovReport" classname="com.gitlab.metrics.service.TestCoverageServiceTest" time="0.002"/>
  <testcase name="testGetCoverageByDateRange" classname="com.gitlab.metrics.service.TestCoverageServiceTest" time="0.002"/>
  <testcase name="testGetLatestCoverage" classname="com.gitlab.metrics.service.TestCoverageServiceTest" time="0.001"/>
  <testcase name="testGetCoverageHistory" classname="com.gitlab.metrics.service.TestCoverageServiceTest" time="0"/>
  <testcase name="testParseInvalidXmlReport" classname="com.gitlab.metrics.service.TestCoverageServiceTest" time="0.015"/>
  <testcase name="testParseJaCoCoReport" classname="com.gitlab.metrics.service.TestCoverageServiceTest" time="0.002"/>
  <testcase name="testGetCoverageTrend" classname="com.gitlab.metrics.service.TestCoverageServiceTest" time="0.001"/>
</testsuite>